{"C:\\code\\JavaScript_practice\\BankManagementSystem\\app.js": {"path":"C:\\code\\JavaScript_practice\\BankManagementSystem\\app.js","statementMap":{"0":{"start":{"line":1,"column":0},"end":{"line":1,"column":27}},"1":{"start":{"line":3,"column":13},"end":{"line":3,"column":29}},"2":{"start":{"line":4,"column":16},"end":{"line":4,"column":34}},"3":{"start":{"line":5,"column":0},"end":{"line":5,"column":33}},"4":{"start":{"line":6,"column":21},"end":{"line":6,"column":45}},"5":{"start":{"line":7,"column":19},"end":{"line":7,"column":49}},"6":{"start":{"line":8,"column":19},"end":{"line":8,"column":49}},"7":{"start":{"line":9,"column":16},"end":{"line":9,"column":44}},"8":{"start":{"line":11,"column":12},"end":{"line":11,"column":21}},"9":{"start":{"line":14,"column":0},"end":{"line":14,"column":24}},"10":{"start":{"line":15,"column":0},"end":{"line":15,"column":24}},"11":{"start":{"line":18,"column":0},"end":{"line":18,"column":51}},"12":{"start":{"line":21,"column":0},"end":{"line":21,"column":20}},"13":{"start":{"line":22,"column":0},"end":{"line":22,"column":20}},"14":{"start":{"line":23,"column":0},"end":{"line":23,"column":17}},"15":{"start":{"line":25,"column":0},"end":{"line":25,"column":21}}},"fnMap":{},"branchMap":{},"s":{"0":1,"1":1,"2":1,"3":1,"4":1,"5":1,"6":1,"7":1,"8":1,"9":1,"10":1,"11":1,"12":1,"13":1,"14":1,"15":1},"f":{},"b":{},"_coverageSchema":"1a1c01bbd47fc00a2c39e90264f33305004495a9","hash":"804bfda27602d8fea00c856a9f6086e11adad41c"}
,"C:\\code\\JavaScript_practice\\BankManagementSystem\\util.js": {"path":"C:\\code\\JavaScript_practice\\BankManagementSystem\\util.js","statementMap":{"0":{"start":{"line":1,"column":12},"end":{"line":1,"column":27}},"1":{"start":{"line":2,"column":12},"end":{"line":2,"column":35}},"2":{"start":{"line":5,"column":15},"end":{"line":5,"column":31}},"3":{"start":{"line":6,"column":20},"end":{"line":10,"column":2}},"4":{"start":{"line":6,"column":28},"end":{"line":10,"column":2}},"5":{"start":{"line":13,"column":25},"end":{"line":57,"column":1}},"6":{"start":{"line":15,"column":17},"end":{"line":27,"column":3}},"7":{"start":{"line":30,"column":2},"end":{"line":32,"column":3}},"8":{"start":{"line":31,"column":4},"end":{"line":31,"column":63}},"9":{"start":{"line":35,"column":2},"end":{"line":37,"column":3}},"10":{"start":{"line":36,"column":4},"end":{"line":36,"column":43}},"11":{"start":{"line":40,"column":2},"end":{"line":45,"column":3}},"12":{"start":{"line":41,"column":4},"end":{"line":41,"column":61}},"13":{"start":{"line":42,"column":4},"end":{"line":42,"column":54}},"14":{"start":{"line":43,"column":4},"end":{"line":43,"column":42}},"15":{"start":{"line":44,"column":4},"end":{"line":44,"column":18}},"16":{"start":{"line":48,"column":2},"end":{"line":54,"column":3}},"17":{"start":{"line":49,"column":4},"end":{"line":53,"column":7}},"18":{"start":{"line":52,"column":6},"end":{"line":52,"column":51}},"19":{"start":{"line":56,"column":2},"end":{"line":56,"column":16}},"20":{"start":{"line":60,"column":25},"end":{"line":77,"column":1}},"21":{"start":{"line":61,"column":17},"end":{"line":67,"column":3}},"22":{"start":{"line":69,"column":2},"end":{"line":75,"column":3}},"23":{"start":{"line":70,"column":4},"end":{"line":74,"column":7}},"24":{"start":{"line":73,"column":6},"end":{"line":73,"column":51}},"25":{"start":{"line":76,"column":2},"end":{"line":76,"column":16}},"26":{"start":{"line":79,"column":0},"end":{"line":81,"column":2}}},"fnMap":{"0":{"name":"(anonymous_0)","decl":{"start":{"line":6,"column":20},"end":{"line":6,"column":21}},"loc":{"start":{"line":6,"column":28},"end":{"line":10,"column":2}},"line":6},"1":{"name":"(anonymous_1)","decl":{"start":{"line":13,"column":25},"end":{"line":13,"column":26}},"loc":{"start":{"line":13,"column":34},"end":{"line":57,"column":1}},"line":13},"2":{"name":"(anonymous_2)","decl":{"start":{"line":49,"column":38},"end":{"line":49,"column":39}},"loc":{"start":{"line":51,"column":10},"end":{"line":53,"column":5}},"line":51},"3":{"name":"(anonymous_3)","decl":{"start":{"line":60,"column":25},"end":{"line":60,"column":26}},"loc":{"start":{"line":60,"column":34},"end":{"line":77,"column":1}},"line":60},"4":{"name":"(anonymous_4)","decl":{"start":{"line":70,"column":38},"end":{"line":70,"column":39}},"loc":{"start":{"line":72,"column":10},"end":{"line":74,"column":5}},"line":72}},"branchMap":{"0":{"loc":{"start":{"line":30,"column":2},"end":{"line":32,"column":3}},"type":"if","locations":[{"start":{"line":30,"column":2},"end":{"line":32,"column":3}},{"start":{"line":30,"column":2},"end":{"line":32,"column":3}}],"line":30},"1":{"loc":{"start":{"line":35,"column":2},"end":{"line":37,"column":3}},"type":"if","locations":[{"start":{"line":35,"column":2},"end":{"line":37,"column":3}},{"start":{"line":35,"column":2},"end":{"line":37,"column":3}}],"line":35},"2":{"loc":{"start":{"line":40,"column":2},"end":{"line":45,"column":3}},"type":"if","locations":[{"start":{"line":40,"column":2},"end":{"line":45,"column":3}},{"start":{"line":40,"column":2},"end":{"line":45,"column":3}}],"line":40},"3":{"loc":{"start":{"line":48,"column":2},"end":{"line":54,"column":3}},"type":"if","locations":[{"start":{"line":48,"column":2},"end":{"line":54,"column":3}},{"start":{"line":48,"column":2},"end":{"line":54,"column":3}}],"line":48},"4":{"loc":{"start":{"line":69,"column":2},"end":{"line":75,"column":3}},"type":"if","locations":[{"start":{"line":69,"column":2},"end":{"line":75,"column":3}},{"start":{"line":69,"column":2},"end":{"line":75,"column":3}}],"line":69}},"s":{"0":1,"1":1,"2":1,"3":1,"4":25,"5":1,"6":8,"7":8,"8":4,"9":8,"10":1,"11":8,"12":1,"13":1,"14":1,"15":1,"16":7,"17":1,"18":11,"19":7,"20":1,"21":1,"22":1,"23":1,"24":2,"25":1,"26":1},"f":{"0":25,"1":8,"2":11,"3":1,"4":2},"b":{"0":[4,4],"1":[1,7],"2":[1,7],"3":[1,6],"4":[1,0]},"_coverageSchema":"1a1c01bbd47fc00a2c39e90264f33305004495a9","hash":"20f5af718e345829014dd9f0c618b671c41fda26"}
,"C:\\code\\JavaScript_practice\\BankManagementSystem\\controllers\\loanController.js": {"path":"C:\\code\\JavaScript_practice\\BankManagementSystem\\controllers\\loanController.js","statementMap":{"0":{"start":{"line":2,"column":18},"end":{"line":2,"column":39}},"1":{"start":{"line":3,"column":13},"end":{"line":3,"column":38}},"2":{"start":{"line":4,"column":13},"end":{"line":4,"column":31}},"3":{"start":{"line":6,"column":0},"end":{"line":38,"column":2}},"4":{"start":{"line":7,"column":23},"end":{"line":7,"column":49}},"5":{"start":{"line":15,"column":6},"end":{"line":15,"column":14}},"6":{"start":{"line":17,"column":2},"end":{"line":37,"column":3}},"7":{"start":{"line":18,"column":17},"end":{"line":25,"column":6}},"8":{"start":{"line":26,"column":4},"end":{"line":31,"column":7}},"9":{"start":{"line":33,"column":19},"end":{"line":33,"column":45}},"10":{"start":{"line":34,"column":4},"end":{"line":36,"column":7}},"11":{"start":{"line":41,"column":0},"end":{"line":57,"column":2}},"12":{"start":{"line":42,"column":23},"end":{"line":42,"column":49}},"13":{"start":{"line":43,"column":2},"end":{"line":50,"column":7}},"14":{"start":{"line":47,"column":6},"end":{"line":49,"column":9}}},"fnMap":{"0":{"name":"(anonymous_0)","decl":{"start":{"line":6,"column":32},"end":{"line":6,"column":33}},"loc":{"start":{"line":6,"column":52},"end":{"line":38,"column":1}},"line":6},"1":{"name":"(anonymous_1)","decl":{"start":{"line":41,"column":26},"end":{"line":41,"column":27}},"loc":{"start":{"line":41,"column":46},"end":{"line":57,"column":1}},"line":41},"2":{"name":"(anonymous_2)","decl":{"start":{"line":46,"column":10},"end":{"line":46,"column":11}},"loc":{"start":{"line":46,"column":22},"end":{"line":50,"column":5}},"line":46}},"branchMap":{"0":{"loc":{"start":{"line":9,"column":4},"end":{"line":9,"column":28}},"type":"default-arg","locations":[{"start":{"line":9,"column":13},"end":{"line":9,"column":28}}],"line":9}},"s":{"0":1,"1":1,"2":1,"3":1,"4":2,"5":2,"6":2,"7":2,"8":1,"9":1,"10":1,"11":1,"12":1,"13":1,"14":1},"f":{"0":2,"1":1,"2":1},"b":{"0":[2]},"_coverageSchema":"1a1c01bbd47fc00a2c39e90264f33305004495a9","hash":"25ef08e377ddd345c2effd84e9e6aa0e1653f2b5"}
,"C:\\code\\JavaScript_practice\\BankManagementSystem\\controllers\\userController.js": {"path":"C:\\code\\JavaScript_practice\\BankManagementSystem\\controllers\\userController.js","statementMap":{"0":{"start":{"line":3,"column":18},"end":{"line":3,"column":39}},"1":{"start":{"line":4,"column":15},"end":{"line":4,"column":32}},"2":{"start":{"line":5,"column":13},"end":{"line":5,"column":38}},"3":{"start":{"line":6,"column":13},"end":{"line":6,"column":31}},"4":{"start":{"line":8,"column":0},"end":{"line":53,"column":2}},"5":{"start":{"line":21,"column":6},"end":{"line":21,"column":14}},"6":{"start":{"line":23,"column":2},"end":{"line":52,"column":3}},"7":{"start":{"line":24,"column":17},"end":{"line":36,"column":6}},"8":{"start":{"line":43,"column":4},"end":{"line":46,"column":7}},"9":{"start":{"line":48,"column":19},"end":{"line":48,"column":45}},"10":{"start":{"line":49,"column":4},"end":{"line":51,"column":7}},"11":{"start":{"line":55,"column":0},"end":{"line":79,"column":2}},"12":{"start":{"line":59,"column":6},"end":{"line":59,"column":14}},"13":{"start":{"line":61,"column":2},"end":{"line":78,"column":3}},"14":{"start":{"line":62,"column":17},"end":{"line":62,"column":53}},"15":{"start":{"line":63,"column":18},"end":{"line":63,"column":44}},"16":{"start":{"line":64,"column":4},"end":{"line":67,"column":7}},"17":{"start":{"line":68,"column":4},"end":{"line":72,"column":7}},"18":{"start":{"line":74,"column":19},"end":{"line":74,"column":45}},"19":{"start":{"line":75,"column":4},"end":{"line":77,"column":7}},"20":{"start":{"line":81,"column":0},"end":{"line":88,"column":2}},"21":{"start":{"line":82,"column":2},"end":{"line":84,"column":5}},"22":{"start":{"line":85,"column":2},"end":{"line":87,"column":5}},"23":{"start":{"line":91,"column":0},"end":{"line":135,"column":2}},"24":{"start":{"line":93,"column":23},"end":{"line":93,"column":55}},"25":{"start":{"line":94,"column":2},"end":{"line":128,"column":5}},"26":{"start":{"line":95,"column":4},"end":{"line":99,"column":5}},"27":{"start":{"line":96,"column":6},"end":{"line":98,"column":9}},"28":{"start":{"line":100,"column":4},"end":{"line":121,"column":9}},"29":{"start":{"line":118,"column":8},"end":{"line":120,"column":11}},"30":{"start":{"line":138,"column":0},"end":{"line":154,"column":2}},"31":{"start":{"line":139,"column":23},"end":{"line":139,"column":49}},"32":{"start":{"line":140,"column":2},"end":{"line":147,"column":7}},"33":{"start":{"line":144,"column":6},"end":{"line":146,"column":9}},"34":{"start":{"line":157,"column":0},"end":{"line":175,"column":2}},"35":{"start":{"line":158,"column":23},"end":{"line":158,"column":49}},"36":{"start":{"line":159,"column":2},"end":{"line":169,"column":7}},"37":{"start":{"line":163,"column":6},"end":{"line":165,"column":9}},"38":{"start":{"line":166,"column":6},"end":{"line":168,"column":9}}},"fnMap":{"0":{"name":"(anonymous_0)","decl":{"start":{"line":8,"column":24},"end":{"line":8,"column":25}},"loc":{"start":{"line":8,"column":44},"end":{"line":53,"column":1}},"line":8},"1":{"name":"(anonymous_1)","decl":{"start":{"line":55,"column":23},"end":{"line":55,"column":24}},"loc":{"start":{"line":55,"column":43},"end":{"line":79,"column":1}},"line":55},"2":{"name":"(anonymous_2)","decl":{"start":{"line":81,"column":24},"end":{"line":81,"column":25}},"loc":{"start":{"line":81,"column":38},"end":{"line":88,"column":1}},"line":81},"3":{"name":"(anonymous_3)","decl":{"start":{"line":91,"column":28},"end":{"line":91,"column":29}},"loc":{"start":{"line":91,"column":48},"end":{"line":135,"column":1}},"line":91},"4":{"name":"(anonymous_4)","decl":{"start":{"line":94,"column":37},"end":{"line":94,"column":38}},"loc":{"start":{"line":94,"column":52},"end":{"line":128,"column":3}},"line":94},"5":{"name":"(anonymous_5)","decl":{"start":{"line":117,"column":12},"end":{"line":117,"column":13}},"loc":{"start":{"line":117,"column":18},"end":{"line":121,"column":7}},"line":117},"6":{"name":"(anonymous_6)","decl":{"start":{"line":138,"column":25},"end":{"line":138,"column":26}},"loc":{"start":{"line":138,"column":45},"end":{"line":154,"column":1}},"line":138},"7":{"name":"(anonymous_7)","decl":{"start":{"line":143,"column":10},"end":{"line":143,"column":11}},"loc":{"start":{"line":143,"column":22},"end":{"line":147,"column":5}},"line":143},"8":{"name":"(anonymous_8)","decl":{"start":{"line":157,"column":28},"end":{"line":157,"column":29}},"loc":{"start":{"line":157,"column":48},"end":{"line":175,"column":1}},"line":157},"9":{"name":"(anonymous_9)","decl":{"start":{"line":162,"column":10},"end":{"line":162,"column":11}},"loc":{"start":{"line":162,"column":16},"end":{"line":169,"column":5}},"line":162}},"branchMap":{"0":{"loc":{"start":{"line":95,"column":4},"end":{"line":99,"column":5}},"type":"if","locations":[{"start":{"line":95,"column":4},"end":{"line":99,"column":5}},{"start":{"line":95,"column":4},"end":{"line":99,"column":5}}],"line":95}},"s":{"0":1,"1":1,"2":1,"3":1,"4":1,"5":3,"6":3,"7":3,"8":1,"9":2,"10":2,"11":1,"12":31,"13":31,"14":31,"15":25,"16":25,"17":25,"18":6,"19":6,"20":1,"21":1,"22":1,"23":1,"24":2,"25":2,"26":2,"27":1,"28":1,"29":1,"30":1,"31":1,"32":1,"33":1,"34":1,"35":1,"36":1,"37":1,"38":1},"f":{"0":3,"1":31,"2":1,"3":2,"4":2,"5":1,"6":1,"7":1,"8":1,"9":1},"b":{"0":[1,1]},"_coverageSchema":"1a1c01bbd47fc00a2c39e90264f33305004495a9","hash":"6f53689206b28911fdb5965cb11498003b563daa"}
,"C:\\code\\JavaScript_practice\\BankManagementSystem\\database\\connection.js": {"path":"C:\\code\\JavaScript_practice\\BankManagementSystem\\database\\connection.js","statementMap":{"0":{"start":{"line":1,"column":17},"end":{"line":1,"column":36}},"1":{"start":{"line":3,"column":0},"end":{"line":3,"column":40}},"2":{"start":{"line":4,"column":24},"end":{"line":4,"column":35}},"3":{"start":{"line":7,"column":0},"end":{"line":13,"column":61}},"4":{"start":{"line":12,"column":14},"end":{"line":12,"column":62}},"5":{"start":{"line":13,"column":15},"end":{"line":13,"column":59}}},"fnMap":{"0":{"name":"(anonymous_0)","decl":{"start":{"line":12,"column":8},"end":{"line":12,"column":9}},"loc":{"start":{"line":12,"column":14},"end":{"line":12,"column":62}},"line":12},"1":{"name":"(anonymous_1)","decl":{"start":{"line":13,"column":9},"end":{"line":13,"column":10}},"loc":{"start":{"line":13,"column":15},"end":{"line":13,"column":59}},"line":13}},"branchMap":{},"s":{"0":1,"1":1,"2":1,"3":1,"4":1,"5":0},"f":{"0":1,"1":0},"b":{},"_coverageSchema":"1a1c01bbd47fc00a2c39e90264f33305004495a9","hash":"46b4e16d4681e8286d742e3d244583b7ecc9bbef"}
,"C:\\code\\JavaScript_practice\\BankManagementSystem\\middleware\\auth.js": {"path":"C:\\code\\JavaScript_practice\\BankManagementSystem\\middleware\\auth.js","statementMap":{"0":{"start":{"line":1,"column":12},"end":{"line":1,"column":35}},"1":{"start":{"line":3,"column":12},"end":{"line":3,"column":27}},"2":{"start":{"line":5,"column":20},"end":{"line":24,"column":1}},"3":{"start":{"line":6,"column":16},"end":{"line":6,"column":31}},"4":{"start":{"line":9,"column":2},"end":{"line":23,"column":3}},"5":{"start":{"line":10,"column":4},"end":{"line":18,"column":7}},"6":{"start":{"line":11,"column":6},"end":{"line":17,"column":7}},"7":{"start":{"line":12,"column":8},"end":{"line":14,"column":11}},"8":{"start":{"line":16,"column":8},"end":{"line":16,"column":15}},"9":{"start":{"line":20,"column":4},"end":{"line":22,"column":7}},"10":{"start":{"line":26,"column":0},"end":{"line":26,"column":33}}},"fnMap":{"0":{"name":"(anonymous_0)","decl":{"start":{"line":5,"column":20},"end":{"line":5,"column":21}},"loc":{"start":{"line":5,"column":40},"end":{"line":24,"column":1}},"line":5},"1":{"name":"(anonymous_1)","decl":{"start":{"line":10,"column":27},"end":{"line":10,"column":28}},"loc":{"start":{"line":10,"column":36},"end":{"line":18,"column":5}},"line":10}},"branchMap":{"0":{"loc":{"start":{"line":9,"column":2},"end":{"line":23,"column":3}},"type":"if","locations":[{"start":{"line":9,"column":2},"end":{"line":23,"column":3}},{"start":{"line":9,"column":2},"end":{"line":23,"column":3}}],"line":9},"1":{"loc":{"start":{"line":11,"column":6},"end":{"line":17,"column":7}},"type":"if","locations":[{"start":{"line":11,"column":6},"end":{"line":17,"column":7}},{"start":{"line":11,"column":6},"end":{"line":17,"column":7}}],"line":11}},"s":{"0":1,"1":1,"2":1,"3":15,"4":15,"5":9,"6":9,"7":1,"8":8,"9":6,"10":1},"f":{"0":15,"1":9},"b":{"0":[9,6],"1":[1,8]},"_coverageSchema":"1a1c01bbd47fc00a2c39e90264f33305004495a9","hash":"08cf0ac1a51feaae3392bc268b2a5578f4551198"}
,"C:\\code\\JavaScript_practice\\BankManagementSystem\\models\\User.js": {"path":"C:\\code\\JavaScript_practice\\BankManagementSystem\\models\\User.js","statementMap":{"0":{"start":{"line":2,"column":17},"end":{"line":2,"column":36}},"1":{"start":{"line":5,"column":4},"end":{"line":5,"column":24}},"2":{"start":{"line":6,"column":15},"end":{"line":6,"column":32}},"3":{"start":{"line":8,"column":19},"end":{"line":60,"column":2}},"4":{"start":{"line":69,"column":0},"end":{"line":73,"column":3}},"5":{"start":{"line":70,"column":15},"end":{"line":70,"column":37}},"6":{"start":{"line":71,"column":2},"end":{"line":71,"column":57}},"7":{"start":{"line":72,"column":2},"end":{"line":72,"column":9}},"8":{"start":{"line":76,"column":0},"end":{"line":89,"column":2}},"9":{"start":{"line":77,"column":15},"end":{"line":79,"column":4}},"10":{"start":{"line":80,"column":2},"end":{"line":88,"column":3}},"11":{"start":{"line":81,"column":17},"end":{"line":81,"column":62}},"12":{"start":{"line":82,"column":4},"end":{"line":84,"column":5}},"13":{"start":{"line":83,"column":6},"end":{"line":83,"column":18}},"14":{"start":{"line":85,"column":4},"end":{"line":85,"column":41}},"15":{"start":{"line":87,"column":4},"end":{"line":87,"column":41}},"16":{"start":{"line":91,"column":13},"end":{"line":91,"column":47}},"17":{"start":{"line":92,"column":0},"end":{"line":92,"column":22}}},"fnMap":{"0":{"name":"(anonymous_0)","decl":{"start":{"line":69,"column":23},"end":{"line":69,"column":24}},"loc":{"start":{"line":69,"column":45},"end":{"line":73,"column":1}},"line":69},"1":{"name":"(anonymous_1)","decl":{"start":{"line":76,"column":27},"end":{"line":76,"column":28}},"loc":{"start":{"line":76,"column":63},"end":{"line":89,"column":1}},"line":76}},"branchMap":{"0":{"loc":{"start":{"line":80,"column":2},"end":{"line":88,"column":3}},"type":"if","locations":[{"start":{"line":80,"column":2},"end":{"line":88,"column":3}},{"start":{"line":80,"column":2},"end":{"line":88,"column":3}}],"line":80},"1":{"loc":{"start":{"line":82,"column":4},"end":{"line":84,"column":5}},"type":"if","locations":[{"start":{"line":82,"column":4},"end":{"line":84,"column":5}},{"start":{"line":82,"column":4},"end":{"line":84,"column":5}}],"line":82}},"s":{"0":1,"1":1,"2":1,"3":1,"4":1,"5":2,"6":2,"7":2,"8":1,"9":31,"10":31,"11":27,"12":26,"13":25,"14":1,"15":4,"16":1,"17":1},"f":{"0":2,"1":31},"b":{"0":[27,4],"1":[25,1]},"_coverageSchema":"1a1c01bbd47fc00a2c39e90264f33305004495a9","hash":"7db0fe704a091bbcd59c8c48c9733137326d004f"}
,"C:\\code\\JavaScript_practice\\BankManagementSystem\\models\\loan.js": {"path":"C:\\code\\JavaScript_practice\\BankManagementSystem\\models\\loan.js","statementMap":{"0":{"start":{"line":1,"column":17},"end":{"line":1,"column":36}},"1":{"start":{"line":3,"column":19},"end":{"line":28,"column":2}},"2":{"start":{"line":30,"column":0},"end":{"line":30,"column":52}}},"fnMap":{},"branchMap":{},"s":{"0":1,"1":1,"2":1},"f":{},"b":{},"_coverageSchema":"1a1c01bbd47fc00a2c39e90264f33305004495a9","hash":"88da54347b20ebc95a63bf05e41dc7f82409a9ca"}
,"C:\\code\\JavaScript_practice\\BankManagementSystem\\routes\\loanRoutes.js": {"path":"C:\\code\\JavaScript_practice\\BankManagementSystem\\routes\\loanRoutes.js","statementMap":{"0":{"start":{"line":1,"column":19},"end":{"line":1,"column":37}},"1":{"start":{"line":2,"column":23},"end":{"line":2,"column":63}},"2":{"start":{"line":3,"column":24},"end":{"line":3,"column":53}},"3":{"start":{"line":5,"column":15},"end":{"line":5,"column":23}},"4":{"start":{"line":8,"column":0},"end":{"line":8,"column":65}},"5":{"start":{"line":9,"column":0},"end":{"line":9,"column":58}},"6":{"start":{"line":13,"column":0},"end":{"line":13,"column":24}}},"fnMap":{},"branchMap":{},"s":{"0":1,"1":1,"2":1,"3":1,"4":1,"5":1,"6":1},"f":{},"b":{},"_coverageSchema":"1a1c01bbd47fc00a2c39e90264f33305004495a9","hash":"fdd2fcd45e310dfcb764ad68b5d20fc37ac25566"}
,"C:\\code\\JavaScript_practice\\BankManagementSystem\\routes\\userRoutes.js": {"path":"C:\\code\\JavaScript_practice\\BankManagementSystem\\routes\\userRoutes.js","statementMap":{"0":{"start":{"line":1,"column":19},"end":{"line":1,"column":37}},"1":{"start":{"line":2,"column":23},"end":{"line":2,"column":63}},"2":{"start":{"line":3,"column":24},"end":{"line":3,"column":53}},"3":{"start":{"line":5,"column":15},"end":{"line":5,"column":23}},"4":{"start":{"line":9,"column":0},"end":{"line":9,"column":46}},"5":{"start":{"line":10,"column":0},"end":{"line":10,"column":44}},"6":{"start":{"line":11,"column":0},"end":{"line":11,"column":58}},"7":{"start":{"line":12,"column":0},"end":{"line":12,"column":57}},"8":{"start":{"line":13,"column":0},"end":{"line":13,"column":60}},"9":{"start":{"line":14,"column":0},"end":{"line":14,"column":63}},"10":{"start":{"line":16,"column":0},"end":{"line":16,"column":24}}},"fnMap":{},"branchMap":{},"s":{"0":1,"1":1,"2":1,"3":1,"4":1,"5":1,"6":1,"7":1,"8":1,"9":1,"10":1},"f":{},"b":{},"_coverageSchema":"1a1c01bbd47fc00a2c39e90264f33305004495a9","hash":"c4e9c8d42320336864c6eed820044fed2536db4d"}
,"C:\\code\\JavaScript_practice\\BankManagementSystem\\swagger\\swagger.js": {"path":"C:\\code\\JavaScript_practice\\BankManagementSystem\\swagger\\swagger.js","statementMap":{"0":{"start":{"line":1,"column":19},"end":{"line":1,"column":37}},"1":{"start":{"line":2,"column":21},"end":{"line":2,"column":45}},"2":{"start":{"line":3,"column":18},"end":{"line":3,"column":47}},"3":{"start":{"line":5,"column":15},"end":{"line":5,"column":23}},"4":{"start":{"line":7,"column":23},"end":{"line":22,"column":1}},"5":{"start":{"line":23,"column":20},"end":{"line":23,"column":48}},"6":{"start":{"line":24,"column":0},"end":{"line":24,"column":77}},"7":{"start":{"line":312,"column":0},"end":{"line":312,"column":24}}},"fnMap":{},"branchMap":{},"s":{"0":1,"1":1,"2":1,"3":1,"4":1,"5":1,"6":1,"7":1},"f":{},"b":{},"_coverageSchema":"1a1c01bbd47fc00a2c39e90264f33305004495a9","hash":"f552395ffe5df2dd4d9e2c07de4d93b5ef583131"}
}
