TN:
SF:app.js
FNF:0
FNH:0
DA:1,1
DA:3,1
DA:4,1
DA:5,1
DA:6,1
DA:7,1
DA:8,1
DA:9,1
DA:11,1
DA:14,1
DA:15,1
DA:18,1
DA:21,1
DA:22,1
DA:23,1
DA:25,1
LF:16
LH:16
BRF:0
BRH:0
end_of_record
TN:
SF:util.js
FN:6,(anonymous_0)
FN:13,(anonymous_1)
FN:49,(anonymous_2)
FN:60,(anonymous_3)
FN:70,(anonymous_4)
FNF:5
FNH:5
FNDA:25,(anonymous_0)
FNDA:8,(anonymous_1)
FNDA:11,(anonymous_2)
FNDA:1,(anonymous_3)
FNDA:2,(anonymous_4)
DA:1,1
DA:2,1
DA:5,1
DA:6,25
DA:13,1
DA:15,8
DA:30,8
DA:31,4
DA:35,8
DA:36,1
DA:40,8
DA:41,1
DA:42,1
DA:43,1
DA:44,1
DA:48,7
DA:49,1
DA:52,11
DA:56,7
DA:60,1
DA:61,1
DA:69,1
DA:70,1
DA:73,2
DA:76,1
DA:79,1
LF:26
LH:26
BRDA:30,0,0,4
BRDA:30,0,1,4
BRDA:35,1,0,1
BRDA:35,1,1,7
BRDA:40,2,0,1
BRDA:40,2,1,7
BRDA:48,3,0,1
BRDA:48,3,1,6
BRDA:69,4,0,1
BRDA:69,4,1,0
BRF:10
BRH:9
end_of_record
TN:
SF:controllers\loanController.js
FN:6,(anonymous_0)
FN:41,(anonymous_1)
FN:46,(anonymous_2)
FNF:3
FNH:3
FNDA:2,(anonymous_0)
FNDA:1,(anonymous_1)
FNDA:1,(anonymous_2)
DA:2,1
DA:3,1
DA:4,1
DA:6,1
DA:7,2
DA:15,2
DA:17,2
DA:18,2
DA:26,1
DA:33,1
DA:34,1
DA:41,1
DA:42,1
DA:43,1
DA:47,1
LF:15
LH:15
BRDA:9,0,0,2
BRF:1
BRH:1
end_of_record
TN:
SF:controllers\userController.js
FN:8,(anonymous_0)
FN:55,(anonymous_1)
FN:81,(anonymous_2)
FN:91,(anonymous_3)
FN:94,(anonymous_4)
FN:117,(anonymous_5)
FN:138,(anonymous_6)
FN:143,(anonymous_7)
FN:157,(anonymous_8)
FN:162,(anonymous_9)
FNF:10
FNH:10
FNDA:3,(anonymous_0)
FNDA:31,(anonymous_1)
FNDA:1,(anonymous_2)
FNDA:2,(anonymous_3)
FNDA:2,(anonymous_4)
FNDA:1,(anonymous_5)
FNDA:1,(anonymous_6)
FNDA:1,(anonymous_7)
FNDA:1,(anonymous_8)
FNDA:1,(anonymous_9)
DA:3,1
DA:4,1
DA:5,1
DA:6,1
DA:8,1
DA:21,3
DA:23,3
DA:24,3
DA:43,1
DA:48,2
DA:49,2
DA:55,1
DA:59,31
DA:61,31
DA:62,31
DA:63,25
DA:64,25
DA:68,25
DA:74,6
DA:75,6
DA:81,1
DA:82,1
DA:85,1
DA:91,1
DA:93,2
DA:94,2
DA:95,2
DA:96,1
DA:100,1
DA:118,1
DA:138,1
DA:139,1
DA:140,1
DA:144,1
DA:157,1
DA:158,1
DA:159,1
DA:163,1
DA:166,1
LF:39
LH:39
BRDA:95,0,0,1
BRDA:95,0,1,1
BRF:2
BRH:2
end_of_record
TN:
SF:database\connection.js
FN:12,(anonymous_0)
FN:13,(anonymous_1)
FNF:2
FNH:1
FNDA:1,(anonymous_0)
FNDA:0,(anonymous_1)
DA:1,1
DA:3,1
DA:4,1
DA:7,1
DA:12,1
DA:13,0
LF:6
LH:5
BRF:0
BRH:0
end_of_record
TN:
SF:middleware\auth.js
FN:5,(anonymous_0)
FN:10,(anonymous_1)
FNF:2
FNH:2
FNDA:15,(anonymous_0)
FNDA:9,(anonymous_1)
DA:1,1
DA:3,1
DA:5,1
DA:6,15
DA:9,15
DA:10,9
DA:11,9
DA:12,1
DA:16,8
DA:20,6
DA:26,1
LF:11
LH:11
BRDA:9,0,0,9
BRDA:9,0,1,6
BRDA:11,1,0,1
BRDA:11,1,1,8
BRF:4
BRH:4
end_of_record
TN:
SF:models\User.js
FN:69,(anonymous_0)
FN:76,(anonymous_1)
FNF:2
FNH:2
FNDA:2,(anonymous_0)
FNDA:31,(anonymous_1)
DA:2,1
DA:5,1
DA:6,1
DA:8,1
DA:69,1
DA:70,2
DA:71,2
DA:72,2
DA:76,1
DA:77,31
DA:80,31
DA:81,27
DA:82,26
DA:83,25
DA:85,1
DA:87,4
DA:91,1
DA:92,1
LF:18
LH:18
BRDA:80,0,0,27
BRDA:80,0,1,4
BRDA:82,1,0,25
BRDA:82,1,1,1
BRF:4
BRH:4
end_of_record
TN:
SF:models\loan.js
FNF:0
FNH:0
DA:1,1
DA:3,1
DA:30,1
LF:3
LH:3
BRF:0
BRH:0
end_of_record
TN:
SF:routes\loanRoutes.js
FNF:0
FNH:0
DA:1,1
DA:2,1
DA:3,1
DA:5,1
DA:8,1
DA:9,1
DA:13,1
LF:7
LH:7
BRF:0
BRH:0
end_of_record
TN:
SF:routes\userRoutes.js
FNF:0
FNH:0
DA:1,1
DA:2,1
DA:3,1
DA:5,1
DA:9,1
DA:10,1
DA:11,1
DA:12,1
DA:13,1
DA:14,1
DA:16,1
LF:11
LH:11
BRF:0
BRH:0
end_of_record
TN:
SF:swagger\swagger.js
FNF:0
FNH:0
DA:1,1
DA:2,1
DA:3,1
DA:5,1
DA:7,1
DA:23,1
DA:24,1
DA:312,1
LF:8
LH:8
BRF:0
BRH:0
end_of_record
